<?xml version="1.0" encoding="UTF-8"?>
<testsuite xmlns:xsi="http://www.w3.org/2001/XMLSchema-instance" xsi:noNamespaceSchemaLocation="https://maven.apache.org/surefire/maven-surefire-plugin/xsd/surefire-test-report.xsd" name="runnerClasses.CukeRunner" time="2.089" tests="4" errors="0" skipped="0" failures="0">
  <properties>
    <property name="sun.desktop" value="windows"/>
    <property name="awt.toolkit" value="sun.awt.windows.WToolkit"/>
    <property name="file.encoding.pkg" value="sun.io"/>
    <property name="java.specification.version" value="1.8"/>
    <property name="sun.cpu.isalist" value="amd64"/>
    <property name="sun.jnu.encoding" value="Cp1252"/>
    <property name="java.class.path" value="C:\Users\sahas\Sample Project\RestAssured-BDD-Java-master\target\test-classes;C:\Users\sahas\Sample Project\RestAssured-BDD-Java-master\target\classes;C:\Users\sahas\.m2\repository\junit\junit\4.12\junit-4.12.jar;C:\Users\sahas\.m2\repository\org\hamcrest\hamcrest-core\1.3\hamcrest-core-1.3.jar;C:\Users\sahas\.m2\repository\com\jayway\restassured\rest-assured\2.8.0\rest-assured-2.8.0.jar;C:\Users\sahas\.m2\repository\org\codehaus\groovy\groovy\2.4.4\groovy-2.4.4.jar;C:\Users\sahas\.m2\repository\org\codehaus\groovy\groovy-xml\2.4.4\groovy-xml-2.4.4.jar;C:\Users\sahas\.m2\repository\org\apache\httpcomponents\httpclient\4.5.1\httpclient-4.5.1.jar;C:\Users\sahas\.m2\repository\org\apache\httpcomponents\httpcore\4.4.3\httpcore-4.4.3.jar;C:\Users\sahas\.m2\repository\commons-logging\commons-logging\1.2\commons-logging-1.2.jar;C:\Users\sahas\.m2\repository\commons-codec\commons-codec\1.9\commons-codec-1.9.jar;C:\Users\sahas\.m2\repository\org\apache\httpcomponents\httpmime\4.5.1\httpmime-4.5.1.jar;C:\Users\sahas\.m2\repository\org\hamcrest\hamcrest-library\1.3\hamcrest-library-1.3.jar;C:\Users\sahas\.m2\repository\org\ccil\cowan\tagsoup\tagsoup\1.2.1\tagsoup-1.2.1.jar;C:\Users\sahas\.m2\repository\com\jayway\restassured\json-path\2.8.0\json-path-2.8.0.jar;C:\Users\sahas\.m2\repository\org\codehaus\groovy\groovy-json\2.4.4\groovy-json-2.4.4.jar;C:\Users\sahas\.m2\repository\com\jayway\restassured\rest-assured-common\2.8.0\rest-assured-common-2.8.0.jar;C:\Users\sahas\.m2\repository\com\jayway\restassured\xml-path\2.8.0\xml-path-2.8.0.jar;C:\Users\sahas\.m2\repository\org\apache\commons\commons-lang3\3.3.2\commons-lang3-3.3.2.jar;C:\Users\sahas\.m2\repository\com\jayway\restassured\json-schema-validator\2.8.0\json-schema-validator-2.8.0.jar;C:\Users\sahas\.m2\repository\com\github\fge\json-schema-validator\2.2.6\json-schema-validator-2.2.6.jar;C:\Users\sahas\.m2\repository\com\google\code\findbugs\jsr305\3.0.0\jsr305-3.0.0.jar;C:\Users\sahas\.m2\repository\joda-time\joda-time\2.3\joda-time-2.3.jar;C:\Users\sahas\.m2\repository\com\googlecode\libphonenumber\libphonenumber\6.2\libphonenumber-6.2.jar;C:\Users\sahas\.m2\repository\com\github\fge\json-schema-core\1.2.5\json-schema-core-1.2.5.jar;C:\Users\sahas\.m2\repository\com\github\fge\uri-template\0.9\uri-template-0.9.jar;C:\Users\sahas\.m2\repository\com\github\fge\msg-simple\1.1\msg-simple-1.1.jar;C:\Users\sahas\.m2\repository\com\github\fge\btf\1.2\btf-1.2.jar;C:\Users\sahas\.m2\repository\com\google\guava\guava\16.0.1\guava-16.0.1.jar;C:\Users\sahas\.m2\repository\com\github\fge\jackson-coreutils\1.8\jackson-coreutils-1.8.jar;C:\Users\sahas\.m2\repository\com\fasterxml\jackson\core\jackson-databind\2.2.3\jackson-databind-2.2.3.jar;C:\Users\sahas\.m2\repository\com\fasterxml\jackson\core\jackson-annotations\2.2.3\jackson-annotations-2.2.3.jar;C:\Users\sahas\.m2\repository\com\fasterxml\jackson\core\jackson-core\2.2.3\jackson-core-2.2.3.jar;C:\Users\sahas\.m2\repository\org\mozilla\rhino\1.7R4\rhino-1.7R4.jar;C:\Users\sahas\.m2\repository\javax\mail\mailapi\1.4.3\mailapi-1.4.3.jar;C:\Users\sahas\.m2\repository\javax\activation\activation\1.1\activation-1.1.jar;C:\Users\sahas\.m2\repository\net\sf\jopt-simple\jopt-simple\4.6\jopt-simple-4.6.jar;C:\Users\sahas\.m2\repository\info\cukes\cucumber-java\1.2.5\cucumber-java-1.2.5.jar;C:\Users\sahas\.m2\repository\info\cukes\cucumber-core\1.2.5\cucumber-core-1.2.5.jar;C:\Users\sahas\.m2\repository\info\cukes\cucumber-html\0.2.3\cucumber-html-0.2.3.jar;C:\Users\sahas\.m2\repository\info\cukes\cucumber-jvm-deps\1.0.5\cucumber-jvm-deps-1.0.5.jar;C:\Users\sahas\.m2\repository\info\cukes\gherkin\2.12.2\gherkin-2.12.2.jar;C:\Users\sahas\.m2\repository\info\cukes\cucumber-junit\1.2.5\cucumber-junit-1.2.5.jar;"/>
    <property name="java.vm.vendor" value="Oracle Corporation"/>
    <property name="sun.arch.data.model" value="64"/>
    <property name="user.variant" value=""/>
    <property name="java.vendor.url" value="http://java.oracle.com/"/>
    <property name="user.timezone" value=""/>
    <property name="java.vm.specification.version" value="1.8"/>
    <property name="os.name" value="Windows 10"/>
    <property name="user.country" value="NZ"/>
    <property name="sun.java.launcher" value="SUN_STANDARD"/>
    <property name="sun.boot.library.path" value="C:\Program Files\Java\jdk1.8.0_261\jre\bin"/>
    <property name="sun.java.command" value="C:\Users\sahas\AppData\Local\Temp\surefire3394039784474595546\surefirebooter1890817747131957896.jar C:\Users\sahas\AppData\Local\Temp\surefire3394039784474595546 2020-10-23T12-38-02_142-jvmRun1 surefire4273132013576047049tmp surefire_01719887032955945686tmp"/>
    <property name="surefire.test.class.path" value="C:\Users\sahas\Sample Project\RestAssured-BDD-Java-master\target\test-classes;C:\Users\sahas\Sample Project\RestAssured-BDD-Java-master\target\classes;C:\Users\sahas\.m2\repository\junit\junit\4.12\junit-4.12.jar;C:\Users\sahas\.m2\repository\org\hamcrest\hamcrest-core\1.3\hamcrest-core-1.3.jar;C:\Users\sahas\.m2\repository\com\jayway\restassured\rest-assured\2.8.0\rest-assured-2.8.0.jar;C:\Users\sahas\.m2\repository\org\codehaus\groovy\groovy\2.4.4\groovy-2.4.4.jar;C:\Users\sahas\.m2\repository\org\codehaus\groovy\groovy-xml\2.4.4\groovy-xml-2.4.4.jar;C:\Users\sahas\.m2\repository\org\apache\httpcomponents\httpclient\4.5.1\httpclient-4.5.1.jar;C:\Users\sahas\.m2\repository\org\apache\httpcomponents\httpcore\4.4.3\httpcore-4.4.3.jar;C:\Users\sahas\.m2\repository\commons-logging\commons-logging\1.2\commons-logging-1.2.jar;C:\Users\sahas\.m2\repository\commons-codec\commons-codec\1.9\commons-codec-1.9.jar;C:\Users\sahas\.m2\repository\org\apache\httpcomponents\httpmime\4.5.1\httpmime-4.5.1.jar;C:\Users\sahas\.m2\repository\org\hamcrest\hamcrest-library\1.3\hamcrest-library-1.3.jar;C:\Users\sahas\.m2\repository\org\ccil\cowan\tagsoup\tagsoup\1.2.1\tagsoup-1.2.1.jar;C:\Users\sahas\.m2\repository\com\jayway\restassured\json-path\2.8.0\json-path-2.8.0.jar;C:\Users\sahas\.m2\repository\org\codehaus\groovy\groovy-json\2.4.4\groovy-json-2.4.4.jar;C:\Users\sahas\.m2\repository\com\jayway\restassured\rest-assured-common\2.8.0\rest-assured-common-2.8.0.jar;C:\Users\sahas\.m2\repository\com\jayway\restassured\xml-path\2.8.0\xml-path-2.8.0.jar;C:\Users\sahas\.m2\repository\org\apache\commons\commons-lang3\3.3.2\commons-lang3-3.3.2.jar;C:\Users\sahas\.m2\repository\com\jayway\restassured\json-schema-validator\2.8.0\json-schema-validator-2.8.0.jar;C:\Users\sahas\.m2\repository\com\github\fge\json-schema-validator\2.2.6\json-schema-validator-2.2.6.jar;C:\Users\sahas\.m2\repository\com\google\code\findbugs\jsr305\3.0.0\jsr305-3.0.0.jar;C:\Users\sahas\.m2\repository\joda-time\joda-time\2.3\joda-time-2.3.jar;C:\Users\sahas\.m2\repository\com\googlecode\libphonenumber\libphonenumber\6.2\libphonenumber-6.2.jar;C:\Users\sahas\.m2\repository\com\github\fge\json-schema-core\1.2.5\json-schema-core-1.2.5.jar;C:\Users\sahas\.m2\repository\com\github\fge\uri-template\0.9\uri-template-0.9.jar;C:\Users\sahas\.m2\repository\com\github\fge\msg-simple\1.1\msg-simple-1.1.jar;C:\Users\sahas\.m2\repository\com\github\fge\btf\1.2\btf-1.2.jar;C:\Users\sahas\.m2\repository\com\google\guava\guava\16.0.1\guava-16.0.1.jar;C:\Users\sahas\.m2\repository\com\github\fge\jackson-coreutils\1.8\jackson-coreutils-1.8.jar;C:\Users\sahas\.m2\repository\com\fasterxml\jackson\core\jackson-databind\2.2.3\jackson-databind-2.2.3.jar;C:\Users\sahas\.m2\repository\com\fasterxml\jackson\core\jackson-annotations\2.2.3\jackson-annotations-2.2.3.jar;C:\Users\sahas\.m2\repository\com\fasterxml\jackson\core\jackson-core\2.2.3\jackson-core-2.2.3.jar;C:\Users\sahas\.m2\repository\org\mozilla\rhino\1.7R4\rhino-1.7R4.jar;C:\Users\sahas\.m2\repository\javax\mail\mailapi\1.4.3\mailapi-1.4.3.jar;C:\Users\sahas\.m2\repository\javax\activation\activation\1.1\activation-1.1.jar;C:\Users\sahas\.m2\repository\net\sf\jopt-simple\jopt-simple\4.6\jopt-simple-4.6.jar;C:\Users\sahas\.m2\repository\info\cukes\cucumber-java\1.2.5\cucumber-java-1.2.5.jar;C:\Users\sahas\.m2\repository\info\cukes\cucumber-core\1.2.5\cucumber-core-1.2.5.jar;C:\Users\sahas\.m2\repository\info\cukes\cucumber-html\0.2.3\cucumber-html-0.2.3.jar;C:\Users\sahas\.m2\repository\info\cukes\cucumber-jvm-deps\1.0.5\cucumber-jvm-deps-1.0.5.jar;C:\Users\sahas\.m2\repository\info\cukes\gherkin\2.12.2\gherkin-2.12.2.jar;C:\Users\sahas\.m2\repository\info\cukes\cucumber-junit\1.2.5\cucumber-junit-1.2.5.jar;"/>
    <property name="sun.cpu.endian" value="little"/>
    <property name="user.home" value="C:\Users\sahas"/>
    <property name="user.language" value="en"/>
    <property name="java.specification.vendor" value="Oracle Corporation"/>
    <property name="java.home" value="C:\Program Files\Java\jdk1.8.0_261\jre"/>
    <property name="basedir" value="C:\Users\sahas\Sample Project\RestAssured-BDD-Java-master"/>
    <property name="file.separator" value="\"/>
    <property name="line.separator" value="&#10;"/>
    <property name="java.vm.specification.vendor" value="Oracle Corporation"/>
    <property name="java.specification.name" value="Java Platform API Specification"/>
    <property name="java.awt.graphicsenv" value="sun.awt.Win32GraphicsEnvironment"/>
    <property name="surefire.real.class.path" value="C:\Users\sahas\AppData\Local\Temp\surefire3394039784474595546\surefirebooter1890817747131957896.jar"/>
    <property name="sun.boot.class.path" value="C:\Program Files\Java\jdk1.8.0_261\jre\lib\resources.jar;C:\Program Files\Java\jdk1.8.0_261\jre\lib\rt.jar;C:\Program Files\Java\jdk1.8.0_261\jre\lib\sunrsasign.jar;C:\Program Files\Java\jdk1.8.0_261\jre\lib\jsse.jar;C:\Program Files\Java\jdk1.8.0_261\jre\lib\jce.jar;C:\Program Files\Java\jdk1.8.0_261\jre\lib\charsets.jar;C:\Program Files\Java\jdk1.8.0_261\jre\lib\jfr.jar;C:\Program Files\Java\jdk1.8.0_261\jre\classes"/>
    <property name="user.script" value=""/>
    <property name="sun.management.compiler" value="HotSpot 64-Bit Tiered Compilers"/>
    <property name="java.runtime.version" value="1.8.0_261-b12"/>
    <property name="user.name" value="sahas"/>
    <property name="path.separator" value=";"/>
    <property name="os.version" value="10.0"/>
    <property name="java.endorsed.dirs" value="C:\Program Files\Java\jdk1.8.0_261\jre\lib\endorsed"/>
    <property name="java.runtime.name" value="Java(TM) SE Runtime Environment"/>
    <property name="file.encoding" value="Cp1252"/>
    <property name="java.vm.name" value="Java HotSpot(TM) 64-Bit Server VM"/>
    <property name="localRepository" value="C:\Users\sahas\.m2\repository"/>
    <property name="java.vendor.url.bug" value="http://bugreport.sun.com/bugreport/"/>
    <property name="java.io.tmpdir" value="C:\Users\sahas\AppData\Local\Temp\"/>
    <property name="java.version" value="1.8.0_261"/>
    <property name="user.dir" value="C:\Users\sahas\Sample Project\RestAssured-BDD-Java-master"/>
    <property name="os.arch" value="amd64"/>
    <property name="java.vm.specification.name" value="Java Virtual Machine Specification"/>
    <property name="java.awt.printerjob" value="sun.awt.windows.WPrinterJob"/>
    <property name="sun.os.patch.level" value=""/>
    <property name="java.library.path" value="C:\Program Files\Java\jdk1.8.0_261\jre\bin;C:\WINDOWS\Sun\Java\bin;C:\WINDOWS\system32;C:\WINDOWS;C:\Program Files (x86)\Common Files\Oracle\Java\javapath;C:\WINDOWS\system32;C:\WINDOWS;C:\WINDOWS\System32\Wbem;C:\WINDOWS\System32\WindowsPowerShell\v1.0\;C:\WINDOWS\System32\OpenSSH\;C:\Program Files\Java\jdk1.8.0_261\bin;C:\Program Files\apache-maven-3.6.3-bin\apache-maven-3.6.3\bin;C:\Users\sahas\Drivers;C:\Program Files\Git\cmd;C:\Users\sahas\AppData\Local\Programs\Python\Python39\Scripts\;C:\Users\sahas\AppData\Local\Programs\Python\Python39\;C:\Users\sahas\AppData\Local\Microsoft\WindowsApps;;C:\Users\sahas\AppData\Local\Programs\Microsoft VS Code\bin;."/>
    <property name="java.vm.info" value="mixed mode"/>
    <property name="java.vendor" value="Oracle Corporation"/>
    <property name="java.vm.version" value="25.261-b12"/>
    <property name="java.ext.dirs" value="C:\Program Files\Java\jdk1.8.0_261\jre\lib\ext;C:\WINDOWS\Sun\Java\lib\ext"/>
    <property name="sun.io.unicode.encoding" value="UnicodeLittle"/>
    <property name="java.class.version" value="52.0"/>
  </properties>
  <testcase name="Given To initiate Rest service to get charities list" classname="Scenario: To verify that St John is included in the charities list - GET Method" time="0.001"/>
  <testcase name="Then Response status code should be &quot;200&quot;" classname="Scenario: To verify that St John is included in the charities list - GET Method" time="0"/>
  <testcase name="And response should includes &quot;St John&quot;" classname="Scenario: To verify that St John is included in the charities list - GET Method" time="0"/>
  <testcase name="Scenario: To verify that St John is included in the charities list - GET Method" classname="Scenario: To verify that St John is included in the charities list - GET Method" time="0"/>
</testsuite>